[debug] > Exec(early(addDefaultCommands), None, None)
[debug] > Exec(addDefaultCommands, None, None)
[debug] > Exec(early(initialize), None, None)
[debug] > Exec(initialize, None, None)
[debug] > Exec(boot, None, None)
[debug] > Exec(writeSbtVersion, None, None)
[debug] > Exec(reload, None, None)
[debug] > Exec(sbtStashOnFailure, None, None)
[debug] > Exec(onFailure loadFailed, None, None)
[debug] > Exec(loadp, None, None)
[info] welcome to sbt 1.6.1 (Amazon.com Inc. Java 11.0.13)
[debug] Load.defaultLoad until apply took 5865.168486ms
[debug]           Load.loadUnit: plugins took 1555.659345ms
[debug]           Load.loadUnit: defsScala took 14.892313ms
[debug] [Loading] Scanning directory /home/dba/IdeaProjects/AccesLogAnalyzer/project
[debug] [Loading] Found non-root projects 
[debug] [Loading] Done in /home/dba/IdeaProjects/AccesLogAnalyzer/project, returning: ()
[debug] deducing auto plugins based on known facts Set(Atom(sbt.plugins.CorePlugin)) and clauses Clauses(Clause(Atom(sbt.plugins.JvmPlugin),Set(Atom(sbt.plugins.IvyPlugin)))
[debug] Clause(Atom(sbt.ScriptedPlugin),Set(Atom(sbt.plugins.JvmPlugin)))
[debug] Clause(Atom(sbt.plugins.SbtPlugin),Set(Atom(sbt.ScriptedPlugin)))
[debug] Clause(Atom(sbt.plugins.SemanticdbPlugin),Set(Atom(sbt.plugins.JvmPlugin)))
[debug] Clause(Atom(sbt.plugins.JUnitXmlReportPlugin),Set(Atom(sbt.plugins.JvmPlugin)))
[debug] Clause(Atom(sbt.plugins.MiniDependencyTreePlugin),Set(Atom(sbt.plugins.JvmPlugin)))
[debug] Clause(Atom(sbt.plugins.CorePlugin),Set(Atom(sbt.plugins.IvyPlugin)))
[debug] Clause(Atom(sbt.plugins.IvyPlugin),Set(Atom(sbt.plugins.JvmPlugin)))
[debug] Clause(Atom(sbt.plugins.JvmPlugin),Set(Atom(sbt.plugins.SemanticdbPlugin)))
[debug] Clause(Atom(sbt.plugins.JvmPlugin),Set(Atom(sbt.plugins.JUnitXmlReportPlugin)))
[debug] Clause(Atom(sbt.plugins.CorePlugin),Set(Atom(sbt.plugins.Giter8TemplatePlugin)))
[debug] Clause(Atom(sbt.plugins.JvmPlugin),Set(Atom(sbt.plugins.MiniDependencyTreePlugin))))
[debug]   :: deduced result: Matched(sbt.plugins.CorePlugin,sbt.plugins.Giter8TemplatePlugin,sbt.plugins.IvyPlugin,sbt.plugins.JvmPlugin,sbt.plugins.MiniDependencyTreePlugin,sbt.plugins.JUnitXmlReportPlugin,sbt.plugins.SemanticdbPlugin)
[debug] Plugins.deducer#function took 342.943643 ms
[debug]               Load.resolveProject(accesloganalyzer-build) took 877.755969ms
[debug]             Load.loadTransitive: finalizeProject(Project(id accesloganalyzer-build, base: /home/dba/IdeaProjects/AccesLogAnalyzer/project, plugins: List(<none>))) took 1829.953479ms
[debug] [Loading] Done in /home/dba/IdeaProjects/AccesLogAnalyzer/project, returning: (accesloganalyzer-build)
[debug]           Load.loadUnit: loadedProjectsRaw took 2171.63452ms
[debug]           Load.loadUnit: cleanEvalClasses took 1.373715ms
[debug]         Load.loadUnit(file:/home/dba/IdeaProjects/AccesLogAnalyzer/project/, ...) took 3865.710378ms
[debug]       Load.apply: load took 5900.715946ms
[debug]       Load.apply: resolveProjects took 61.750116ms
[debug]       Load.apply: finalTransforms took 685.231777ms
[debug]       Load.apply: config.delegates took 71.392342ms
[debug]       Load.apply: Def.make(settings)... took 5994.31007ms
[debug]       Load.apply: structureIndex took 1020.829625ms
[debug]       Load.apply: mkStreams took 8.239743ms
[info] loading project definition from /home/dba/IdeaProjects/AccesLogAnalyzer/project
[debug] Running task... Cancel: Signal, check cycles: false, forcegc: true
[debug]     Load.loadUnit: plugins took 26112.956281ms
[debug]     Load.loadUnit: defsScala took 0.029058ms
[debug] [Loading] Scanning directory /home/dba/IdeaProjects/AccesLogAnalyzer
[debug]       Load.loadUnit: mkEval took 65.170211ms
[debug] [Loading] Found root project root w/ remaining 
[debug] deducing auto plugins based on known facts Set(Atom(sbt.plugins.CorePlugin)) and clauses Clauses(Clause(Atom(sbt.plugins.JvmPlugin),Set(Atom(sbt.plugins.IvyPlugin)))
[debug] Clause(Atom(sbt.ScriptedPlugin),Set(Atom(sbt.plugins.JvmPlugin)))
[debug] Clause(Atom(sbt.plugins.SbtPlugin),Set(Atom(sbt.ScriptedPlugin)))
[debug] Clause(Atom(sbt.plugins.SemanticdbPlugin),Set(Atom(sbt.plugins.JvmPlugin)))
[debug] Clause(Atom(sbt.plugins.JUnitXmlReportPlugin),Set(Atom(sbt.plugins.JvmPlugin)))
[debug] Clause(Atom(sbt.plugins.MiniDependencyTreePlugin),Set(Atom(sbt.plugins.JvmPlugin)))
[debug] Clause(Atom(sbt.plugins.CorePlugin),Set(Atom(sbt.plugins.IvyPlugin)))
[debug] Clause(Atom(sbt.plugins.IvyPlugin),Set(Atom(sbt.plugins.JvmPlugin)))
[debug] Clause(Atom(sbt.plugins.JvmPlugin),Set(Atom(sbt.plugins.SemanticdbPlugin)))
[debug] Clause(Atom(sbt.plugins.JvmPlugin),Set(Atom(sbt.plugins.JUnitXmlReportPlugin)))
[debug] Clause(Atom(sbt.plugins.CorePlugin),Set(Atom(sbt.plugins.Giter8TemplatePlugin)))
[debug] Clause(Atom(sbt.plugins.JvmPlugin),Set(Atom(sbt.plugins.MiniDependencyTreePlugin))))
[debug]   :: deduced result: Matched(sbt.plugins.CorePlugin,sbt.plugins.Giter8TemplatePlugin,sbt.plugins.IvyPlugin,sbt.plugins.JvmPlugin,sbt.plugins.MiniDependencyTreePlugin,sbt.plugins.JUnitXmlReportPlugin,sbt.plugins.SemanticdbPlugin)
[debug] Plugins.deducer#function took 37.321439 ms
[info] loading settings for project root from build.sbt ...
[debug]         Load.resolveProject(root) took 28.146952ms
[debug]       Load.loadTransitive: finalizeProject(Project(id root, base: /home/dba/IdeaProjects/AccesLogAnalyzer, plugins: List(<none>))) took 72.415475ms
[debug] [Loading] Done in /home/dba/IdeaProjects/AccesLogAnalyzer, returning: (root)
[debug]     Load.loadUnit: loadedProjectsRaw took 1705.836981ms
[debug]     Load.loadUnit: cleanEvalClasses took 41.86812ms
[debug]   Load.loadUnit(file:/home/dba/IdeaProjects/AccesLogAnalyzer/, ...) took 27876.84921ms
[debug] Load.apply: load took 28270.17717ms
[debug] Load.apply: resolveProjects took 0.378096ms
[debug] Load.apply: finalTransforms took 161.738461ms
[debug] Load.apply: config.delegates took 1.583972ms
[debug] Load.apply: Def.make(settings)... took 1009.738129ms
[debug] Load.apply: structureIndex took 233.253446ms
[debug] Load.apply: mkStreams took 0.007617ms
[info] set current project to AccesLogAnalyzer (in build file:/home/dba/IdeaProjects/AccesLogAnalyzer/)
[debug] > Exec(sbtPopOnFailure, None, None)
[debug] > Exec(resumeFromFailure, None, None)
[debug] > Exec(notifyUsersAboutShell, None, None)
[debug] > Exec(iflast shell, None, None)
[debug] > Exec(shell, None, None)
[info] sbt server started at local:///home/dba/.sbt/1.0/server/a4bebbaee687d1f85c8d/sock
[debug] Writing bsp connection file
[info] started sbt server
