[debug] > Exec(early(addDefaultCommands), None, None)
[debug] > Exec(addDefaultCommands, None, None)
[debug] > Exec(early(initialize), None, None)
[debug] > Exec(initialize, None, None)
[debug] > Exec(boot, None, None)
[debug] > Exec(writeSbtVersion, None, None)
[debug] > Exec(reload, None, None)
[debug] > Exec(sbtStashOnFailure, None, None)
[debug] > Exec(onFailure loadFailed, None, None)
[debug] > Exec(loadp, None, None)
[info] welcome to sbt 1.6.1 (Amazon.com Inc. Java 11.0.13)
[debug] Load.defaultLoad until apply took 27865.746507ms
[debug]           Load.loadUnit: plugins took 7103.361776ms
[debug]           Load.loadUnit: defsScala took 1.516891ms
[debug] [Loading] Scanning directory /home/dba/IdeaProjects/AccesLogAnalyzer/project
[debug] [Loading] Found non-root projects 
[debug] [Loading] Done in /home/dba/IdeaProjects/AccesLogAnalyzer/project, returning: ()
[debug] deducing auto plugins based on known facts Set(Atom(sbt.plugins.CorePlugin)) and clauses Clauses(Clause(Atom(sbt.plugins.JvmPlugin),Set(Atom(sbt.plugins.IvyPlugin)))
[debug] Clause(Atom(sbt.ScriptedPlugin),Set(Atom(sbt.plugins.JvmPlugin)))
[debug] Clause(Atom(sbt.plugins.SbtPlugin),Set(Atom(sbt.ScriptedPlugin)))
[debug] Clause(Atom(sbt.plugins.SemanticdbPlugin),Set(Atom(sbt.plugins.JvmPlugin)))
[debug] Clause(Atom(sbt.plugins.JUnitXmlReportPlugin),Set(Atom(sbt.plugins.JvmPlugin)))
[debug] Clause(Atom(sbt.plugins.MiniDependencyTreePlugin),Set(Atom(sbt.plugins.JvmPlugin)))
[debug] Clause(Atom(sbt.plugins.CorePlugin),Set(Atom(sbt.plugins.IvyPlugin)))
[debug] Clause(Atom(sbt.plugins.IvyPlugin),Set(Atom(sbt.plugins.JvmPlugin)))
[debug] Clause(Atom(sbt.plugins.JvmPlugin),Set(Atom(sbt.plugins.SemanticdbPlugin)))
[debug] Clause(Atom(sbt.plugins.JvmPlugin),Set(Atom(sbt.plugins.JUnitXmlReportPlugin)))
[debug] Clause(Atom(sbt.plugins.CorePlugin),Set(Atom(sbt.plugins.Giter8TemplatePlugin)))
[debug] Clause(Atom(sbt.plugins.JvmPlugin),Set(Atom(sbt.plugins.MiniDependencyTreePlugin))))
[debug]   :: deduced result: Matched(sbt.plugins.CorePlugin,sbt.plugins.Giter8TemplatePlugin,sbt.plugins.IvyPlugin,sbt.plugins.JvmPlugin,sbt.plugins.MiniDependencyTreePlugin,sbt.plugins.JUnitXmlReportPlugin,sbt.plugins.SemanticdbPlugin)
[debug] Plugins.deducer#function took 1472.398132 ms
[debug]               Load.resolveProject(accesloganalyzer-build) took 3204.205502ms
[debug]             Load.loadTransitive: finalizeProject(Project(id accesloganalyzer-build, base: /home/dba/IdeaProjects/AccesLogAnalyzer/project, plugins: List(<none>))) took 7414.981494ms
[debug] [Loading] Done in /home/dba/IdeaProjects/AccesLogAnalyzer/project, returning: (accesloganalyzer-build)
[debug]           Load.loadUnit: loadedProjectsRaw took 8522.235442ms
[debug]           Load.loadUnit: cleanEvalClasses took 24.945879ms
[debug]         Load.loadUnit(file:/home/dba/IdeaProjects/AccesLogAnalyzer/project/, ...) took 15987.020519ms
[debug]       Load.apply: load took 22743.194384ms
[debug]       Load.apply: resolveProjects took 152.657828ms
[debug]       Load.apply: finalTransforms took 3572.821322ms
[debug]       Load.apply: config.delegates took 326.126679ms
[debug]       Load.apply: Def.make(settings)... took 31661.777288ms
[debug]       Load.apply: structureIndex took 8530.371221ms
[debug]       Load.apply: mkStreams took 25.968674ms
[info] loading project definition from /home/dba/IdeaProjects/AccesLogAnalyzer/project
[debug] Running task... Cancel: Signal, check cycles: false, forcegc: true
